2022-07-06 20:33:50,397 root DEBUG 42
2022-07-06 20:33:50,398 root DEBUG 45
2022-07-06 20:33:50,398 root DEBUG 48
2022-07-06 20:33:50,398 root DEBUG 51
2022-07-06 20:33:50,398 root DEBUG 54
2022-07-06 20:33:50,398 root DEBUG 57
2022-07-06 20:33:50,398 root DEBUG 60
2022-07-06 20:33:50,398 root DEBUG 63
2022-07-06 20:33:50,398 root DEBUG 66
2022-07-06 20:33:50,398 root DEBUG 69
2022-07-06 20:33:50,398 root DEBUG 72
2022-07-06 20:33:50,398 root DEBUG 75
2022-07-06 20:33:50,398 root DEBUG 78
2022-07-06 20:33:50,399 root DEBUG 81
2022-07-06 20:33:50,399 root DEBUG 84
2022-07-06 20:33:50,399 root DEBUG 87
2022-07-06 20:33:50,399 root DEBUG 90
2022-07-06 20:33:50,399 root DEBUG 93
2022-07-06 20:33:50,399 root DEBUG 96
2022-07-06 20:33:50,399 root DEBUG 99
2022-07-06 20:33:50,399 root DEBUG 102
2022-07-06 20:33:50,399 root DEBUG 105
2022-07-06 20:33:50,399 root DEBUG 108
2022-07-06 20:33:50,399 root DEBUG 111
2022-07-06 20:33:50,400 root DEBUG 114
2022-07-06 20:33:50,400 root DEBUG 117
2022-07-06 20:33:50,400 root DEBUG 120
2022-07-06 20:33:50,400 root DEBUG 123
2022-07-06 20:33:50,400 root DEBUG 126
2022-07-06 20:33:50,400 root DEBUG 129
2022-07-06 20:33:50,400 root DEBUG 132
2022-07-06 20:33:50,400 root DEBUG 135
2022-07-06 20:33:50,400 root DEBUG 138
2022-07-06 20:33:50,400 root DEBUG 141
2022-07-06 20:33:50,401 root DEBUG 144
2022-07-06 20:33:50,401 root DEBUG 147
2022-07-06 20:33:50,401 root DEBUG 150
2022-07-06 20:33:50,401 root DEBUG 153
2022-07-06 20:33:50,401 root DEBUG 156
2022-07-06 20:33:50,401 root DEBUG 159
2022-07-06 20:33:50,401 root DEBUG 162
2022-07-06 20:33:50,401 root DEBUG 165
2022-07-06 20:33:50,401 root DEBUG 168
2022-07-06 20:33:50,401 root DEBUG 171
2022-07-06 20:33:50,401 root DEBUG 174
2022-07-06 20:33:50,402 root DEBUG 177
2022-07-06 20:33:50,402 root DEBUG 180
2022-07-06 20:33:50,402 root DEBUG 183
2022-07-06 20:33:50,402 root DEBUG 186
2022-07-06 20:33:50,402 root DEBUG 189
2022-07-06 20:33:50,402 root DEBUG 192
2022-07-06 20:33:50,402 root DEBUG 195
2022-07-06 20:33:50,402 root DEBUG 198
2022-07-06 20:33:50,402 root DEBUG 201
2022-07-06 20:33:50,402 root DEBUG 204
2022-07-06 20:33:50,403 root DEBUG 207
2022-07-06 20:33:50,403 root DEBUG 210
2022-07-06 20:33:50,403 root DEBUG 213
2022-07-06 20:33:50,403 root DEBUG 216
2022-07-06 20:33:50,403 root DEBUG 219
2022-07-06 20:33:50,403 root DEBUG 222
2022-07-06 20:33:50,403 root DEBUG 225
2022-07-06 20:33:50,403 root DEBUG 228
2022-07-06 20:33:50,403 root DEBUG 231
2022-07-06 20:33:50,403 root DEBUG 234
2022-07-06 20:33:50,403 root DEBUG 237
2022-07-06 20:33:50,403 root DEBUG 240
2022-07-06 20:33:50,404 root DEBUG 243
2022-07-06 20:33:50,404 root DEBUG 246
2022-07-06 20:33:50,404 root DEBUG 249
2022-07-06 20:33:50,404 root DEBUG 252
2022-07-06 20:33:50,404 root DEBUG 255
2022-07-06 20:33:50,404 root DEBUG 258
2022-07-06 20:33:50,404 root DEBUG 261
2022-07-06 20:33:50,404 root DEBUG 264
2022-07-06 20:33:50,404 root DEBUG 267
2022-07-06 20:33:50,404 root DEBUG 270
2022-07-06 20:33:50,404 root DEBUG 273
2022-07-06 20:33:50,404 root DEBUG 276
2022-07-06 20:33:50,405 root DEBUG 279
2022-07-06 20:33:50,405 root DEBUG 282
2022-07-06 20:33:50,405 root DEBUG 285
2022-07-06 20:33:50,405 root DEBUG 288
2022-07-06 20:33:50,405 root DEBUG 291
2022-07-06 20:33:50,405 root DEBUG 294
2022-07-06 20:33:50,405 root DEBUG 297
2022-07-06 20:33:50,405 root DEBUG 300
2022-07-06 20:33:50,405 root DEBUG 303
2022-07-06 20:33:50,405 root DEBUG 306
2022-07-06 20:33:50,405 root DEBUG 309
2022-07-06 20:33:50,405 root DEBUG 312
2022-07-06 20:33:50,406 root DEBUG 315
2022-07-06 20:33:50,406 root DEBUG 318
2022-07-06 20:33:50,406 root DEBUG 321
2022-07-06 20:33:50,406 root DEBUG 324
2022-07-06 20:33:50,406 root DEBUG 327
2022-07-06 20:33:50,406 root DEBUG 330
2022-07-06 20:33:50,406 root DEBUG 333
2022-07-06 20:33:50,406 root DEBUG 336
2022-07-06 20:33:50,406 root DEBUG 339
2022-07-06 20:33:50,406 root DEBUG 342
2022-07-06 20:33:50,406 root DEBUG 345
2022-07-06 20:33:50,407 root DEBUG 348
2022-07-06 20:33:50,407 root DEBUG 351
2022-07-06 20:33:50,407 root DEBUG 354
2022-07-06 20:33:50,407 root DEBUG 357
2022-07-06 20:33:50,407 root DEBUG 360
2022-07-06 20:33:50,407 root DEBUG 363
2022-07-06 20:33:50,407 root DEBUG 366
2022-07-06 20:33:50,407 root DEBUG 369
2022-07-06 20:33:50,407 root DEBUG 372
2022-07-06 20:33:50,407 root DEBUG 375
2022-07-06 20:33:50,407 root DEBUG 378
2022-07-06 20:33:50,407 root DEBUG 381
2022-07-06 20:33:50,407 root DEBUG 384
2022-07-06 20:33:50,408 root DEBUG 387
2022-07-06 20:33:50,408 root DEBUG 390
2022-07-06 20:33:50,408 root DEBUG 393
2022-07-06 20:33:50,408 root DEBUG 396
2022-07-06 20:33:50,408 root DEBUG 399
2022-07-06 20:33:50,408 root DEBUG o
2022-07-06 20:33:50,408 root DEBUG i
2022-07-06 20:33:50,408 root DEBUG a
2022-07-06 20:33:50,408 root DEBUG i
2022-07-06 20:33:50,408 root DEBUG e
2022-07-06 20:33:50,408 root DEBUG e
2022-07-06 20:33:50,409 root DEBUG i
2022-07-06 20:33:50,409 root DEBUG e
2022-07-06 20:33:50,409 root DEBUG e
2022-07-06 20:33:50,409 root DEBUG e
2022-07-06 20:33:50,409 root DEBUG e
2022-07-06 20:33:50,409 root DEBUG e
2022-07-06 20:33:50,409 root DEBUG a
2022-07-06 20:33:50,409 root DEBUG u
2022-07-06 20:33:50,409 root DEBUG o
2022-07-06 20:33:50,409 root DEBUG e
2022-07-06 20:33:50,409 root DEBUG o
2022-07-06 20:33:50,410 root DEBUG a
2022-07-06 20:33:50,410 root DEBUG i
2022-07-06 20:33:50,410 root DEBUG a
2022-07-06 20:33:50,410 root DEBUG u
2022-07-06 20:33:50,410 root DEBUG a
2022-07-06 20:33:50,410 root DEBUG e
2022-07-06 20:33:50,410 root DEBUG e
2022-07-06 20:33:50,410 root DEBUG i
2022-07-06 20:33:50,410 root DEBUG i
2022-07-06 20:33:50,410 root DEBUG o
2022-07-06 20:33:50,410 root DEBUG o
2022-07-06 20:33:50,410 root DEBUG e
2022-07-06 20:33:50,410 root DEBUG a
2022-07-06 20:33:50,410 root DEBUG i
2022-07-06 20:33:50,410 root DEBUG e
2022-07-06 20:33:50,410 root DEBUG o
2022-07-06 20:33:50,410 root DEBUG e
2022-07-06 20:33:50,410 root DEBUG e
2022-07-06 20:33:50,410 root DEBUG a
2022-07-06 20:33:50,410 root DEBUG a
2022-07-06 20:33:50,410 root DEBUG i
2022-07-06 20:33:50,410 root DEBUG i
2022-07-06 20:33:50,411 root DEBUG i
2022-07-06 20:33:50,411 root DEBUG e
2022-07-06 20:33:50,411 root DEBUG u
2022-07-06 20:33:50,411 root DEBUG e
2022-07-06 20:33:50,411 root DEBUG o
2022-07-06 20:33:50,411 root DEBUG i
2022-07-06 20:33:50,411 root DEBUG i
2022-07-06 20:33:50,411 root DEBUG i
2022-07-06 20:33:50,411 root DEBUG a
2022-07-06 20:33:50,411 root DEBUG i
2022-07-06 20:33:50,411 root DEBUG e
2022-07-06 20:33:50,411 root DEBUG a
2022-07-06 20:33:50,411 root DEBUG i
2022-07-06 20:33:50,411 root DEBUG o
2022-07-06 20:33:50,411 root DEBUG o
2022-07-06 20:33:50,411 root DEBUG i
2022-07-06 20:33:50,411 root DEBUG a
2022-07-06 20:33:50,411 root DEBUG i
2022-07-06 20:33:50,411 root DEBUG a
2022-07-06 20:33:50,411 root DEBUG e
2022-07-06 20:33:50,412 root DEBUG a
2022-07-06 20:33:50,412 root DEBUG a
2022-07-06 20:33:50,412 root DEBUG a
2022-07-06 20:33:50,412 root DEBUG e
2022-07-06 20:33:50,412 root DEBUG o
2022-07-06 20:33:50,412 root DEBUG e
2022-07-06 20:33:50,412 root DEBUG e
2022-07-06 20:33:50,412 root DEBUG u
2022-07-06 20:33:50,412 root DEBUG o
2022-07-06 20:33:50,413 root DEBUG u
2022-07-06 20:33:50,413 root DEBUG i
2022-07-06 20:33:50,413 root DEBUG e
2022-07-06 20:33:50,413 root DEBUG o
2022-07-06 20:33:50,413 root DEBUG a
2022-07-06 20:33:50,413 root DEBUG i
2022-07-06 20:33:50,413 root DEBUG a
2022-07-06 20:33:50,413 root DEBUG a
2022-07-06 20:33:50,413 root DEBUG i
2022-07-06 20:33:50,413 root DEBUG i
2022-07-06 20:33:50,414 root DEBUG u
2022-07-06 20:33:50,414 root DEBUG i
2022-07-06 20:33:50,414 root DEBUG u
2022-07-06 20:33:50,414 root DEBUG u
2022-07-06 20:33:50,414 root DEBUG e
2022-07-06 20:33:50,414 root DEBUG a
2022-07-06 20:33:50,414 root DEBUG i
2022-07-06 20:33:50,414 root DEBUG u
2022-07-06 20:33:50,414 root DEBUG a
2022-07-06 20:33:50,414 root DEBUG o
2022-07-06 20:33:50,415 root DEBUG e
2022-07-06 20:33:50,415 root DEBUG u
2022-07-06 20:33:50,415 root DEBUG a
2022-07-06 20:33:50,415 root DEBUG o
2022-07-06 20:33:50,415 root DEBUG e
2022-07-06 20:33:50,415 root DEBUG o
2022-07-06 20:33:50,415 root DEBUG i
2022-07-06 20:33:50,415 root DEBUG e
2022-07-06 20:33:50,415 root DEBUG e
2022-07-06 20:33:50,416 root DEBUG a
2022-07-06 20:33:50,416 root DEBUG u
2022-07-06 20:33:50,416 root DEBUG i
2022-07-06 20:33:50,416 root DEBUG o
2022-07-06 20:33:50,416 root DEBUG a
2022-07-06 20:33:50,416 root DEBUG o
2022-07-06 20:33:50,416 root DEBUG a
2022-07-06 20:33:50,416 root DEBUG i
2022-07-06 20:33:50,416 root DEBUG i
2022-07-06 20:33:50,416 root DEBUG o
2022-07-06 20:33:50,416 root DEBUG e
2022-07-06 20:33:50,417 root DEBUG e
2022-07-06 20:33:50,417 root DEBUG i
2022-07-06 20:33:50,417 root DEBUG e
2022-07-06 20:33:50,417 root DEBUG a
2022-07-06 20:33:50,417 root DEBUG a
2022-07-06 20:33:50,417 root DEBUG a
2022-07-06 20:33:50,417 root DEBUG e
2022-07-06 20:33:50,417 root DEBUG i
2022-07-06 20:33:50,417 root DEBUG e
2022-07-06 20:33:50,417 root DEBUG i
2022-07-06 20:33:50,418 root DEBUG u
2022-07-06 20:33:50,418 root DEBUG e
2022-07-06 20:33:50,418 root DEBUG a
2022-07-06 20:33:50,418 root DEBUG u
2022-07-06 20:33:50,418 root DEBUG a
2022-07-06 20:33:50,418 root DEBUG e
2022-07-06 20:33:50,418 root DEBUG u
2022-07-06 20:33:50,418 root DEBUG e
2022-07-06 20:33:50,418 root DEBUG o
2022-07-06 20:33:50,418 root DEBUG i
2022-07-06 20:33:50,418 root DEBUG o
2022-07-06 20:33:50,419 root DEBUG e
2022-07-06 20:33:50,419 root DEBUG e
2022-07-06 20:33:50,419 root DEBUG i
2022-07-06 20:33:50,419 root DEBUG e
2022-07-06 20:33:50,419 root DEBUG a
2022-07-06 20:33:50,419 root DEBUG a
2022-07-06 20:33:50,419 root DEBUG i
2022-07-06 20:33:50,419 root DEBUG a
2022-07-06 20:33:50,419 root DEBUG u
2022-07-06 20:33:50,419 root DEBUG i
2022-07-06 20:33:50,419 root DEBUG o
2022-07-06 20:33:50,419 root DEBUG a
2022-07-06 20:33:50,419 root DEBUG o
2022-07-06 20:33:50,419 root DEBUG u
2022-07-06 20:33:50,419 root DEBUG e
2022-07-06 20:33:50,420 root DEBUG a
2022-07-06 20:33:50,420 root DEBUG o
2022-07-06 20:33:50,421 root DEBUG i
2022-07-06 20:33:50,421 root DEBUG o
2022-07-06 20:33:50,421 root DEBUG o
2022-07-06 20:33:50,422 root DEBUG i
2022-07-06 20:33:50,422 root DEBUG e
2022-07-06 20:33:50,423 root DEBUG a
2022-07-06 20:33:50,423 root DEBUG e
2022-07-06 20:33:50,423 root DEBUG a
2022-07-06 20:33:50,423 root DEBUG a
2022-07-06 20:33:50,423 root DEBUG u
2022-07-06 20:33:50,424 root DEBUG e
2022-07-06 20:33:50,424 root DEBUG o
2022-07-06 20:33:50,424 root DEBUG o
2022-07-06 20:33:50,424 root DEBUG e
2022-07-06 20:33:50,425 root DEBUG o
2022-07-06 20:33:50,425 root DEBUG a
2022-07-06 20:33:50,426 root DEBUG i
2022-07-06 20:33:50,426 root DEBUG a
2022-07-06 20:33:50,426 root DEBUG u
2022-07-06 20:33:50,427 root DEBUG a
2022-07-06 20:33:50,427 root DEBUG e
2022-07-06 20:33:50,427 root DEBUG a
2022-07-06 20:33:50,427 root DEBUG i
2022-07-06 20:33:50,427 root DEBUG e
2022-07-06 20:33:50,428 root DEBUG e
2022-07-06 20:33:50,428 root DEBUG a
2022-07-06 20:33:50,428 root DEBUG e
2022-07-06 20:33:50,428 root DEBUG i
2022-07-06 20:33:50,428 root DEBUG i
2022-07-06 20:33:50,428 root DEBUG a
2022-07-06 20:33:50,428 root DEBUG o
2022-07-06 20:33:50,428 root DEBUG o
2022-07-06 20:33:50,428 root DEBUG a
2022-07-06 20:33:50,428 root DEBUG e
2022-07-06 20:33:50,429 root DEBUG e
2022-07-06 20:33:50,429 root DEBUG a
2022-07-06 20:33:50,429 root DEBUG e
2022-07-06 20:33:50,429 root DEBUG i
2022-07-06 20:33:50,429 root DEBUG a
2022-07-06 20:33:50,429 root DEBUG i
2022-07-06 20:33:50,429 root DEBUG o
2022-07-06 20:33:50,430 root DEBUG u
2022-07-06 20:33:50,430 root DEBUG e
2022-07-06 20:33:50,430 root DEBUG e
2022-07-06 20:33:50,430 root DEBUG e
2022-07-06 20:33:50,430 root DEBUG a
2022-07-06 20:33:50,430 root DEBUG u
2022-07-06 20:33:50,430 root DEBUG e
2022-07-06 20:33:50,430 root DEBUG u
2022-07-06 20:33:50,430 root DEBUG a
2022-07-06 20:33:50,430 root DEBUG i
2022-07-06 20:33:50,431 root DEBUG o
2022-07-06 20:33:50,431 root DEBUG e
2022-07-06 20:33:50,431 root DEBUG e
2022-07-06 20:33:50,431 root DEBUG i
2022-07-06 20:33:50,432 root DEBUG o
2022-07-06 20:33:50,432 root DEBUG e
2022-07-06 20:33:50,432 root DEBUG e
2022-07-06 20:33:50,432 root DEBUG e
2022-07-06 20:33:50,432 root DEBUG i
2022-07-06 20:33:50,432 root DEBUG a
2022-07-06 20:33:50,432 root DEBUG a
2022-07-06 20:33:50,432 root DEBUG e
2022-07-06 20:33:50,432 root DEBUG o
2022-07-06 20:33:50,432 root DEBUG e
2022-07-06 20:33:50,432 root DEBUG i
2022-07-06 20:33:50,432 root DEBUG o
2022-07-06 20:33:50,432 root DEBUG e
2022-07-06 20:33:50,432 root DEBUG e
2022-07-06 20:33:50,432 root DEBUG e
2022-07-06 20:33:50,432 root DEBUG e
2022-07-06 20:33:50,433 root DEBUG o
2022-07-06 20:33:50,433 root DEBUG u
2022-07-06 20:33:50,433 root DEBUG i
2022-07-06 20:33:50,433 root DEBUG a
2022-07-06 20:33:50,433 root DEBUG i
2022-07-06 20:33:50,433 root DEBUG o
2022-07-06 20:33:50,433 root DEBUG e
2022-07-06 20:33:50,433 root DEBUG u
2022-07-06 20:33:50,433 root DEBUG o
2022-07-06 20:33:50,433 root DEBUG o
2022-07-06 20:33:50,433 root DEBUG e
2022-07-06 20:33:50,433 root DEBUG e
2022-07-06 20:33:50,433 root DEBUG a
2022-07-06 20:33:50,433 root DEBUG e
2022-07-06 20:33:50,433 root DEBUG i
2022-07-06 20:33:50,433 root DEBUG a
2022-07-06 20:33:50,433 root DEBUG a
2022-07-06 20:33:50,433 root DEBUG a
2022-07-06 20:33:50,433 root DEBUG o
2022-07-06 20:33:50,433 root DEBUG e
2022-07-06 20:33:50,433 root DEBUG i
2022-07-06 20:33:50,433 root DEBUG i
2022-07-06 20:33:50,434 root DEBUG o
2022-07-06 20:33:50,434 root DEBUG a
2022-07-06 20:33:50,434 root DEBUG i
2022-07-06 20:33:50,434 root DEBUG o
2022-07-06 20:33:50,434 root DEBUG o
2022-07-06 20:33:50,434 root DEBUG e
2022-07-06 20:33:50,434 root DEBUG e
2022-07-06 20:33:50,434 root DEBUG a
2022-07-06 20:33:50,434 root DEBUG a
2022-07-06 20:33:50,434 root DEBUG o
2022-07-06 20:33:50,434 root DEBUG a
2022-07-06 20:33:50,434 root DEBUG i
2022-07-06 20:33:50,434 root DEBUG e
2022-07-06 20:33:50,434 root DEBUG i
2022-07-06 20:33:50,434 root DEBUG e
2022-07-06 20:33:50,434 root DEBUG a
2022-07-06 20:33:50,434 root DEBUG i
2022-07-06 20:33:50,434 root DEBUG e
2022-07-06 20:33:50,434 root DEBUG e
2022-07-06 20:33:50,434 root DEBUG i
2022-07-06 20:33:50,434 root DEBUG o
2022-07-06 20:33:50,434 root DEBUG o
2022-07-06 20:33:50,435 root DEBUG a
2022-07-06 20:33:50,435 root DEBUG i
2022-07-06 20:33:50,435 root DEBUG o
2022-07-06 20:33:50,435 root DEBUG i
2022-07-06 20:33:50,435 root DEBUG u
2022-07-06 20:33:50,435 root DEBUG e
2022-07-06 20:33:50,435 root DEBUG i
2022-07-06 20:33:50,435 root DEBUG e
2022-07-06 20:33:50,435 root DEBUG i
2022-07-06 20:33:50,435 root DEBUG o
2022-07-06 20:33:50,435 root DEBUG i
2022-07-06 20:33:50,435 root DEBUG o
2022-07-06 20:33:50,435 root DEBUG o
2022-07-06 20:33:50,435 root DEBUG i
2022-07-06 20:33:50,435 root DEBUG e
2022-07-06 20:33:50,435 root DEBUG a
2022-07-06 20:33:50,436 root DEBUG a
2022-07-06 20:33:50,436 root DEBUG o
2022-07-06 20:33:50,436 root DEBUG e
2022-07-06 20:33:50,436 root DEBUG o
2022-07-06 20:33:50,436 root DEBUG e
2022-07-06 20:33:50,436 root DEBUG o
2022-07-06 20:33:50,436 root DEBUG o
2022-07-06 20:33:50,436 root DEBUG u
2022-07-06 20:33:50,436 root DEBUG a
2022-07-06 20:33:50,436 root DEBUG o
2022-07-06 20:33:50,436 root DEBUG a
2022-07-06 20:33:50,436 root DEBUG i
2022-07-06 20:33:50,436 root DEBUG a
2022-07-06 20:33:50,436 root DEBUG u
2022-07-06 20:33:50,436 root DEBUG a
2022-07-06 20:33:50,436 root DEBUG e
2022-07-06 20:33:50,436 root DEBUG 2
2022-07-06 20:33:50,436 root DEBUG 4
2022-07-06 20:33:50,436 root DEBUG 6
2022-07-06 20:33:50,436 root DEBUG 8
2022-07-06 20:33:50,436 root DEBUG 10
2022-07-06 20:33:50,436 root DEBUG 12
2022-07-06 20:33:50,436 root DEBUG 14
2022-07-06 20:33:50,437 root DEBUG 16
2022-07-06 20:33:50,437 root DEBUG 18
2022-07-06 20:33:50,437 root DEBUG 20
2022-07-06 20:33:50,437 root DEBUG 22
2022-07-06 20:33:50,437 root DEBUG 24
2022-07-06 20:33:50,437 root DEBUG 26
2022-07-06 20:33:50,437 root DEBUG 28
2022-07-06 20:33:50,437 root DEBUG 30
2022-07-06 20:33:50,437 root DEBUG 32
2022-07-06 20:33:50,437 root DEBUG 34
2022-07-06 20:33:50,437 root DEBUG 36
2022-07-06 20:33:50,437 root DEBUG 38
2022-07-06 20:33:50,437 root DEBUG 40
2022-07-06 20:33:50,437 root DEBUG 42
2022-07-06 20:33:50,437 root DEBUG 44
2022-07-06 20:33:50,437 root DEBUG 46
2022-07-06 20:33:50,437 root DEBUG 48
2022-07-06 20:33:50,437 root DEBUG 50
2022-07-06 20:33:50,437 root DEBUG 52
2022-07-06 20:33:50,437 root DEBUG 54
2022-07-06 20:33:50,437 root DEBUG 56
2022-07-06 20:33:50,438 root DEBUG 58
2022-07-06 20:33:50,438 root DEBUG 60
2022-07-06 20:33:50,438 root DEBUG 62
2022-07-06 20:33:50,438 root DEBUG 64
2022-07-06 20:33:50,438 root DEBUG 66
2022-07-06 20:33:50,438 root DEBUG 68
2022-07-06 20:33:50,438 root DEBUG 70
2022-07-06 20:33:50,438 root DEBUG 72
2022-07-06 20:33:50,438 root DEBUG 74
2022-07-06 20:33:50,439 root DEBUG 76
2022-07-06 20:33:50,439 root DEBUG 78
2022-07-06 20:33:50,439 root DEBUG 80
2022-07-06 20:33:50,439 root DEBUG 82
2022-07-06 20:33:50,439 root DEBUG 84
2022-07-06 20:33:50,439 root DEBUG 86
2022-07-06 20:33:50,440 root DEBUG 88
2022-07-06 20:33:50,440 root DEBUG 90
2022-07-06 20:33:50,440 root DEBUG 92
2022-07-06 20:33:50,440 root DEBUG 94
2022-07-06 20:33:50,440 root DEBUG 96
2022-07-06 20:33:50,440 root DEBUG 98
2022-07-06 20:33:50,440 root DEBUG 100
2022-07-06 20:33:50,440 root DEBUG 102
2022-07-06 20:33:50,440 root DEBUG 104
2022-07-06 20:33:50,440 root DEBUG 106
2022-07-06 20:33:50,440 root DEBUG 108
2022-07-06 20:33:50,440 root DEBUG 110
2022-07-06 20:33:50,440 root DEBUG 112
2022-07-06 20:33:50,441 root DEBUG 114
2022-07-06 20:33:50,441 root DEBUG 116
2022-07-06 20:33:50,441 root DEBUG 118
2022-07-06 20:33:50,441 root DEBUG 120
2022-07-06 20:33:50,441 root DEBUG 122
2022-07-06 20:33:50,441 root DEBUG 124
2022-07-06 20:33:50,441 root DEBUG 126
2022-07-06 20:33:50,441 root DEBUG 128
2022-07-06 20:33:50,441 root DEBUG 130
2022-07-06 20:33:50,442 root DEBUG 132
2022-07-06 20:33:50,442 root DEBUG 134
2022-07-06 20:33:50,442 root DEBUG 136
2022-07-06 20:33:50,442 root DEBUG 138
2022-07-06 20:33:50,442 root DEBUG 140
2022-07-06 20:33:50,442 root DEBUG 142
2022-07-06 20:33:50,442 root DEBUG 144
2022-07-06 20:33:50,443 root DEBUG 146
2022-07-06 20:33:50,443 root DEBUG 148
2022-07-06 20:33:50,443 root DEBUG 150
2022-07-06 20:33:50,443 root DEBUG 152
2022-07-06 20:33:50,443 root DEBUG 154
2022-07-06 20:33:50,444 root DEBUG 156
2022-07-06 20:33:50,444 root DEBUG 158
2022-07-06 20:33:50,444 root DEBUG 160
2022-07-06 20:33:50,444 root DEBUG 162
2022-07-06 20:33:50,445 root DEBUG 164
2022-07-06 20:33:50,445 root DEBUG 166
2022-07-06 20:33:50,445 root DEBUG 168
2022-07-06 20:33:50,445 root DEBUG 170
2022-07-06 20:33:50,446 root DEBUG 172
2022-07-06 20:33:50,446 root DEBUG 174
2022-07-06 20:33:50,446 root DEBUG 176
2022-07-06 20:33:50,446 root DEBUG 178
2022-07-06 20:33:50,446 root DEBUG 180
2022-07-06 20:33:50,446 root DEBUG 182
2022-07-06 20:33:50,446 root DEBUG 184
2022-07-06 20:33:50,446 root DEBUG 186
2022-07-06 20:33:50,446 root DEBUG 188
2022-07-06 20:33:50,446 root DEBUG 190
2022-07-06 20:33:50,446 root DEBUG 192
2022-07-06 20:33:50,446 root DEBUG 194
2022-07-06 20:33:50,446 root DEBUG 196
2022-07-06 20:33:50,447 root DEBUG 198
2022-07-06 20:33:50,447 root DEBUG 200
2022-07-06 20:33:50,447 root DEBUG 202
2022-07-06 20:33:50,447 root DEBUG 204
2022-07-06 20:33:50,447 root DEBUG 206
2022-07-06 20:33:50,447 root DEBUG 208
2022-07-06 20:33:50,447 root DEBUG 210
2022-07-06 20:33:50,447 root DEBUG 212
2022-07-06 20:33:50,447 root DEBUG 214
2022-07-06 20:33:50,447 root DEBUG 216
2022-07-06 20:33:50,447 root DEBUG 218
2022-07-06 20:33:50,447 root DEBUG 220
2022-07-06 20:33:50,447 root DEBUG 222
2022-07-06 20:33:50,447 root DEBUG 224
2022-07-06 20:33:50,447 root DEBUG 226
2022-07-06 20:33:50,447 root DEBUG 228
2022-07-06 20:33:50,447 root DEBUG 230
2022-07-06 20:33:50,447 root DEBUG 232
2022-07-06 20:33:50,447 root DEBUG 234
2022-07-06 20:33:50,448 root DEBUG 236
2022-07-06 20:33:50,448 root DEBUG 238
2022-07-06 20:33:50,448 root DEBUG 240
2022-07-06 20:33:50,448 root DEBUG 242
2022-07-06 20:33:50,448 root DEBUG 244
2022-07-06 20:33:50,448 root DEBUG 246
2022-07-06 20:33:50,448 root DEBUG 248
2022-07-06 20:33:50,448 root DEBUG 250
2022-07-06 20:33:50,448 root DEBUG 252
2022-07-06 20:33:50,448 root DEBUG 254
2022-07-06 20:33:50,448 root DEBUG 256
2022-07-06 20:33:50,448 root DEBUG 258
2022-07-06 20:33:50,448 root DEBUG 260
2022-07-06 20:33:50,448 root DEBUG 262
2022-07-06 20:33:50,448 root DEBUG 264
2022-07-06 20:33:50,448 root DEBUG 266
2022-07-06 20:33:50,449 root DEBUG 268
2022-07-06 20:33:50,449 root DEBUG 270
2022-07-06 20:33:50,449 root DEBUG 272
2022-07-06 20:33:50,449 root DEBUG 274
2022-07-06 20:33:50,449 root DEBUG 276
2022-07-06 20:33:50,450 root DEBUG 278
2022-07-06 20:33:50,451 root DEBUG 280
2022-07-06 20:33:50,451 root DEBUG 282
2022-07-06 20:33:50,451 root DEBUG 284
2022-07-06 20:33:50,451 root DEBUG 286
2022-07-06 20:33:50,451 root DEBUG 288
2022-07-06 20:33:50,451 root DEBUG 290
2022-07-06 20:33:50,451 root DEBUG 292
2022-07-06 20:33:50,451 root DEBUG 294
2022-07-06 20:33:50,451 root DEBUG 296
2022-07-06 20:33:50,451 root DEBUG 298
2022-07-06 20:33:50,451 root DEBUG 300
2022-07-06 20:33:50,451 root DEBUG 302
2022-07-06 20:33:50,451 root DEBUG 304
2022-07-06 20:33:50,451 root DEBUG 306
2022-07-06 20:33:50,451 root DEBUG 308
2022-07-06 20:33:50,452 root DEBUG 310
2022-07-06 20:33:50,452 root DEBUG 312
2022-07-06 20:33:50,452 root DEBUG 314
2022-07-06 20:33:50,452 root DEBUG 316
2022-07-06 20:33:50,452 root DEBUG 318
2022-07-06 20:33:50,452 root DEBUG 320
2022-07-06 20:33:50,452 root DEBUG 322
2022-07-06 20:33:50,453 root DEBUG 324
2022-07-06 20:33:50,453 root DEBUG 326
2022-07-06 20:33:50,453 root DEBUG 328
2022-07-06 20:33:50,454 root DEBUG 330
2022-07-06 20:33:50,455 root DEBUG 332
2022-07-06 20:33:50,455 root DEBUG 334
2022-07-06 20:33:50,456 root DEBUG 336
2022-07-06 20:33:50,456 root DEBUG 338
2022-07-06 20:33:50,456 root DEBUG 340
2022-07-06 20:33:50,456 root DEBUG 342
2022-07-06 20:33:50,457 root DEBUG 344
2022-07-06 20:33:50,457 root DEBUG 346
2022-07-06 20:33:50,457 root DEBUG 348
2022-07-06 20:33:50,457 root DEBUG 350
2022-07-06 20:33:50,457 root DEBUG 352
2022-07-06 20:33:50,457 root DEBUG 354
2022-07-06 20:33:50,457 root DEBUG 356
2022-07-06 20:33:50,457 root DEBUG 358
2022-07-06 20:33:50,457 root DEBUG 360
2022-07-06 20:33:50,457 root DEBUG 362
2022-07-06 20:33:50,458 root DEBUG 364
2022-07-06 20:33:50,458 root DEBUG 366
2022-07-06 20:33:50,458 root DEBUG 368
2022-07-06 20:33:50,458 root DEBUG 370
2022-07-06 20:33:50,458 root DEBUG 372
2022-07-06 20:33:50,458 root DEBUG 374
2022-07-06 20:33:50,458 root DEBUG 376
2022-07-06 20:33:50,458 root DEBUG 378
2022-07-06 20:33:50,458 root DEBUG 380
2022-07-06 20:33:50,458 root DEBUG 382
2022-07-06 20:33:50,458 root DEBUG 384
2022-07-06 20:33:50,458 root DEBUG 386
2022-07-06 20:33:50,458 root DEBUG 388
2022-07-06 20:33:50,458 root DEBUG 390
2022-07-06 20:33:50,458 root DEBUG 392
2022-07-06 20:33:50,459 root DEBUG 394
2022-07-06 20:33:50,459 root DEBUG 396
2022-07-06 20:33:50,459 root DEBUG 398
2022-07-06 20:33:50,459 root DEBUG 400
2022-07-06 20:33:50,459 root DEBUG 402
2022-07-06 20:33:50,459 root DEBUG 404
2022-07-06 20:33:50,459 root DEBUG 406
2022-07-06 20:33:50,459 root DEBUG 408
2022-07-06 20:33:50,459 root DEBUG 410
2022-07-06 20:33:50,459 root DEBUG 412
2022-07-06 20:33:50,459 root DEBUG 414
2022-07-06 20:33:50,459 root DEBUG 416
2022-07-06 20:33:50,459 root DEBUG 418
2022-07-06 20:33:50,459 root DEBUG 420
2022-07-06 20:33:50,460 root DEBUG 422
2022-07-06 20:33:50,460 root DEBUG 424
2022-07-06 20:33:50,460 root DEBUG 426
2022-07-06 20:33:50,460 root DEBUG 428
2022-07-06 20:33:50,460 root DEBUG 430
2022-07-06 20:33:50,460 root DEBUG 432
2022-07-06 20:33:50,460 root DEBUG 434
2022-07-06 20:33:50,460 root DEBUG 436
2022-07-06 20:33:50,460 root DEBUG 438
2022-07-06 20:33:50,460 root DEBUG 440
2022-07-06 20:33:50,460 root DEBUG 442
2022-07-06 20:33:50,460 root DEBUG 444
2022-07-06 20:33:50,460 root DEBUG 446
2022-07-06 20:33:50,460 root DEBUG 448
2022-07-06 20:33:50,461 root DEBUG 450
2022-07-06 20:33:50,461 root DEBUG 452
2022-07-06 20:33:50,461 root DEBUG 454
2022-07-06 20:33:50,461 root DEBUG 456
2022-07-06 20:33:50,461 root DEBUG 458
2022-07-06 20:33:50,461 root DEBUG 460
2022-07-06 20:33:50,462 root DEBUG 462
2022-07-06 20:33:50,462 root DEBUG 464
2022-07-06 20:33:50,463 root DEBUG 466
2022-07-06 20:33:50,463 root DEBUG 468
2022-07-06 20:33:50,463 root DEBUG 470
2022-07-06 20:33:50,463 root DEBUG 472
2022-07-06 20:33:50,463 root DEBUG 474
2022-07-06 20:33:50,463 root DEBUG 476
2022-07-06 20:33:50,463 root DEBUG 478
2022-07-06 20:33:50,463 root DEBUG 480
2022-07-06 20:33:50,463 root DEBUG 482
2022-07-06 20:33:50,463 root DEBUG 484
2022-07-06 20:33:50,464 root DEBUG 486
2022-07-06 20:33:50,464 root DEBUG 488
2022-07-06 20:33:50,464 root DEBUG 490
2022-07-06 20:33:50,464 root DEBUG 492
2022-07-06 20:33:50,464 root DEBUG 494
2022-07-06 20:33:50,464 root DEBUG 496
2022-07-06 20:33:50,464 root DEBUG 498
2022-07-06 20:33:50,464 root DEBUG 500
2022-07-06 20:33:50,464 root DEBUG 502
2022-07-06 20:33:50,464 root DEBUG 504
2022-07-06 20:33:50,464 root DEBUG 506
2022-07-06 20:33:50,464 root DEBUG 508
2022-07-06 20:33:50,465 root DEBUG 510
2022-07-06 20:33:50,465 root DEBUG 512
2022-07-06 20:33:50,465 root DEBUG 514
2022-07-06 20:33:50,465 root DEBUG 516
2022-07-06 20:33:50,465 root DEBUG 518
2022-07-06 20:33:50,465 root DEBUG 520
2022-07-06 20:33:50,465 root DEBUG 522
2022-07-06 20:33:50,465 root DEBUG 524
2022-07-06 20:33:50,465 root DEBUG 526
2022-07-06 20:33:50,465 root DEBUG 528
2022-07-06 20:33:50,465 root DEBUG 530
2022-07-06 20:33:50,465 root DEBUG 532
2022-07-06 20:33:50,465 root DEBUG 534
2022-07-06 20:33:50,465 root DEBUG 536
2022-07-06 20:33:50,466 root DEBUG 538
2022-07-06 20:33:50,466 root DEBUG 540
2022-07-06 20:33:50,466 root DEBUG 542
2022-07-06 20:33:50,466 root DEBUG 544
2022-07-06 20:33:50,466 root DEBUG 546
2022-07-06 20:33:50,467 root DEBUG 548
2022-07-06 20:33:50,467 root DEBUG 550
2022-07-06 20:33:50,468 root DEBUG 552
2022-07-06 20:33:50,468 root DEBUG 554
2022-07-06 20:33:50,468 root DEBUG 556
2022-07-06 20:33:50,468 root DEBUG 558
2022-07-06 20:33:50,468 root DEBUG 560
2022-07-06 20:33:50,468 root DEBUG 562
2022-07-06 20:33:50,468 root DEBUG 564
2022-07-06 20:33:50,468 root DEBUG 566
2022-07-06 20:33:50,468 root DEBUG 568
2022-07-06 20:33:50,469 root DEBUG 570
2022-07-06 20:33:50,469 root DEBUG 572
2022-07-06 20:33:50,469 root DEBUG 574
2022-07-06 20:33:50,469 root DEBUG 576
2022-07-06 20:33:50,469 root DEBUG 578
2022-07-06 20:33:50,469 root DEBUG 580
2022-07-06 20:33:50,469 root DEBUG 582
2022-07-06 20:33:50,469 root DEBUG 584
2022-07-06 20:33:50,470 root DEBUG 586
2022-07-06 20:33:50,470 root DEBUG 588
2022-07-06 20:33:50,470 root DEBUG 590
2022-07-06 20:33:50,470 root DEBUG 592
2022-07-06 20:33:50,470 root DEBUG 594
2022-07-06 20:33:50,470 root DEBUG 596
2022-07-06 20:33:50,470 root DEBUG 598
2022-07-06 20:33:50,470 root DEBUG 600
2022-07-06 20:33:50,470 root DEBUG 602
2022-07-06 20:33:50,470 root DEBUG 604
2022-07-06 20:33:50,470 root DEBUG 606
2022-07-06 20:33:50,470 root DEBUG 608
2022-07-06 20:33:50,470 root DEBUG 610
2022-07-06 20:33:50,470 root DEBUG 612
2022-07-06 20:33:50,470 root DEBUG 614
2022-07-06 20:33:50,470 root DEBUG 616
2022-07-06 20:33:50,470 root DEBUG 618
2022-07-06 20:33:50,470 root DEBUG 620
2022-07-06 20:33:50,470 root DEBUG 622
2022-07-06 20:33:50,470 root DEBUG 624
2022-07-06 20:33:50,471 root DEBUG 626
2022-07-06 20:33:50,471 root DEBUG 628
2022-07-06 20:33:50,471 root DEBUG 630
2022-07-06 20:33:50,471 root DEBUG 632
2022-07-06 20:33:50,471 root DEBUG 634
2022-07-06 20:33:50,471 root DEBUG 636
2022-07-06 20:33:50,471 root DEBUG 638
2022-07-06 20:33:50,471 root DEBUG 640
2022-07-06 20:33:50,471 root DEBUG 642
2022-07-06 20:33:50,471 root DEBUG 644
2022-07-06 20:33:50,471 root DEBUG 646
2022-07-06 20:33:50,471 root DEBUG 648
2022-07-06 20:33:50,471 root DEBUG 650
2022-07-06 20:33:50,471 root DEBUG 652
2022-07-06 20:33:50,472 root DEBUG 654
2022-07-06 20:33:50,472 root DEBUG 656
2022-07-06 20:33:50,472 root DEBUG 658
2022-07-06 20:33:50,472 root DEBUG 660
2022-07-06 20:33:50,472 root DEBUG 662
2022-07-06 20:33:50,472 root DEBUG 664
2022-07-06 20:33:50,472 root DEBUG 666
2022-07-06 20:33:50,472 root DEBUG 668
2022-07-06 20:33:50,472 root DEBUG 670
2022-07-06 20:33:50,472 root DEBUG 672
2022-07-06 20:33:50,473 root DEBUG 674
2022-07-06 20:33:50,473 root DEBUG 676
2022-07-06 20:33:50,473 root DEBUG 678
2022-07-06 20:33:50,473 root DEBUG 680
2022-07-06 20:33:50,473 root DEBUG 682
2022-07-06 20:33:50,473 root DEBUG 684
2022-07-06 20:33:50,473 root DEBUG 686
2022-07-06 20:33:50,473 root DEBUG 688
2022-07-06 20:33:50,473 root DEBUG 690
2022-07-06 20:33:50,473 root DEBUG 692
2022-07-06 20:33:50,473 root DEBUG 694
2022-07-06 20:33:50,473 root DEBUG 696
2022-07-06 20:33:50,473 root DEBUG 698
2022-07-06 20:33:50,473 root DEBUG 700
2022-07-06 20:33:50,473 root DEBUG 702
2022-07-06 20:33:50,473 root DEBUG 704
2022-07-06 20:33:50,473 root DEBUG 706
2022-07-06 20:33:50,473 root DEBUG 708
2022-07-06 20:33:50,473 root DEBUG 710
2022-07-06 20:33:50,473 root DEBUG 712
2022-07-06 20:33:50,474 root DEBUG 714
2022-07-06 20:33:50,474 root DEBUG 716
2022-07-06 20:33:50,474 root DEBUG 718
2022-07-06 20:33:50,474 root DEBUG 720
2022-07-06 20:33:50,474 root DEBUG 722
2022-07-06 20:33:50,474 root DEBUG 724
2022-07-06 20:33:50,474 root DEBUG 726
2022-07-06 20:33:50,474 root DEBUG 728
2022-07-06 20:33:50,474 root DEBUG 730
2022-07-06 20:33:50,474 root DEBUG 732
2022-07-06 20:33:50,474 root DEBUG 734
2022-07-06 20:33:50,474 root DEBUG 736
2022-07-06 20:33:50,474 root DEBUG 738
2022-07-06 20:33:50,474 root DEBUG 740
2022-07-06 20:33:50,474 root DEBUG 742
2022-07-06 20:33:50,474 root DEBUG 744
2022-07-06 20:33:50,474 root DEBUG 746
2022-07-06 20:33:50,474 root DEBUG 748
2022-07-06 20:33:50,474 root DEBUG 750
2022-07-06 20:33:50,474 root DEBUG 752
2022-07-06 20:33:50,474 root DEBUG 754
2022-07-06 20:33:50,474 root DEBUG 756
2022-07-06 20:33:50,474 root DEBUG 758
2022-07-06 20:33:50,474 root DEBUG 760
2022-07-06 20:33:50,474 root DEBUG 762
2022-07-06 20:33:50,475 root DEBUG 764
2022-07-06 20:33:50,475 root DEBUG 766
2022-07-06 20:33:50,475 root DEBUG 768
2022-07-06 20:33:50,475 root DEBUG 770
2022-07-06 20:33:50,475 root DEBUG 772
2022-07-06 20:33:50,475 root DEBUG 774
2022-07-06 20:33:50,475 root DEBUG 776
2022-07-06 20:33:50,475 root DEBUG 778
2022-07-06 20:33:50,475 root DEBUG 780
2022-07-06 20:33:50,475 root DEBUG 782
2022-07-06 20:33:50,475 root DEBUG 784
2022-07-06 20:33:50,475 root DEBUG 786
2022-07-06 20:33:50,475 root DEBUG 788
2022-07-06 20:33:50,475 root DEBUG 790
2022-07-06 20:33:50,475 root DEBUG 792
2022-07-06 20:33:50,475 root DEBUG 794
2022-07-06 20:33:50,475 root DEBUG 796
2022-07-06 20:33:50,475 root DEBUG 798
2022-07-06 20:33:50,475 root DEBUG 800
2022-07-06 20:33:50,475 root DEBUG 802
2022-07-06 20:33:50,475 root DEBUG 804
2022-07-06 20:33:50,475 root DEBUG 806
2022-07-06 20:33:50,475 root DEBUG 808
2022-07-06 20:33:50,475 root DEBUG 810
2022-07-06 20:33:50,476 root DEBUG 812
2022-07-06 20:33:50,476 root DEBUG 814
2022-07-06 20:33:50,476 root DEBUG 816
2022-07-06 20:33:50,476 root DEBUG 818
2022-07-06 20:33:50,476 root DEBUG 820
2022-07-06 20:33:50,476 root DEBUG 822
2022-07-06 20:33:50,476 root DEBUG 824
2022-07-06 20:33:50,476 root DEBUG 826
2022-07-06 20:33:50,476 root DEBUG 828
2022-07-06 20:33:50,476 root DEBUG 830
2022-07-06 20:33:50,476 root DEBUG 832
2022-07-06 20:33:50,476 root DEBUG 834
2022-07-06 20:33:50,476 root DEBUG 836
2022-07-06 20:33:50,476 root DEBUG 838
2022-07-06 20:33:50,476 root DEBUG 840
2022-07-06 20:33:50,476 root DEBUG 842
2022-07-06 20:33:50,476 root DEBUG 844
2022-07-06 20:33:50,476 root DEBUG 846
2022-07-06 20:33:50,476 root DEBUG 848
2022-07-06 20:33:50,476 root DEBUG 850
2022-07-06 20:33:50,476 root DEBUG 852
2022-07-06 20:33:50,476 root DEBUG 854
2022-07-06 20:33:50,476 root DEBUG 856
2022-07-06 20:33:50,476 root DEBUG 858
2022-07-06 20:33:50,476 root DEBUG 860
2022-07-06 20:33:50,477 root DEBUG 862
2022-07-06 20:33:50,477 root DEBUG 864
2022-07-06 20:33:50,477 root DEBUG 866
2022-07-06 20:33:50,477 root DEBUG 868
2022-07-06 20:33:50,477 root DEBUG 870
2022-07-06 20:33:50,477 root DEBUG 872
2022-07-06 20:33:50,477 root DEBUG 874
2022-07-06 20:33:50,477 root DEBUG 876
2022-07-06 20:33:50,477 root DEBUG 878
2022-07-06 20:33:50,477 root DEBUG 880
2022-07-06 20:33:50,477 root DEBUG 882
2022-07-06 20:33:50,477 root DEBUG 884
2022-07-06 20:33:50,477 root DEBUG 886
2022-07-06 20:33:50,477 root DEBUG 888
2022-07-06 20:33:50,477 root DEBUG 890
2022-07-06 20:33:50,477 root DEBUG 892
2022-07-06 20:33:50,477 root DEBUG 894
2022-07-06 20:33:50,477 root DEBUG 896
2022-07-06 20:33:50,477 root DEBUG 898
2022-07-06 20:33:50,477 root DEBUG 900
2022-07-06 20:33:50,477 root DEBUG 902
2022-07-06 20:33:50,477 root DEBUG 904
2022-07-06 20:33:50,477 root DEBUG 906
2022-07-06 20:33:50,477 root DEBUG 908
2022-07-06 20:33:50,478 root DEBUG 910
2022-07-06 20:33:50,478 root DEBUG 912
2022-07-06 20:33:50,478 root DEBUG 914
2022-07-06 20:33:50,478 root DEBUG 916
2022-07-06 20:33:50,478 root DEBUG 918
2022-07-06 20:33:50,478 root DEBUG 920
2022-07-06 20:33:50,478 root DEBUG 922
2022-07-06 20:33:50,478 root DEBUG 924
2022-07-06 20:33:50,478 root DEBUG 926
2022-07-06 20:33:50,478 root DEBUG 928
2022-07-06 20:33:50,478 root DEBUG 930
2022-07-06 20:33:50,478 root DEBUG 932
2022-07-06 20:33:50,478 root DEBUG 934
2022-07-06 20:33:50,478 root DEBUG 936
2022-07-06 20:33:50,478 root DEBUG 938
2022-07-06 20:33:50,478 root DEBUG 940
2022-07-06 20:33:50,478 root DEBUG 942
2022-07-06 20:33:50,478 root DEBUG 944
2022-07-06 20:33:50,478 root DEBUG 946
2022-07-06 20:33:50,478 root DEBUG 948
2022-07-06 20:33:50,478 root DEBUG 950
2022-07-06 20:33:50,478 root DEBUG 952
2022-07-06 20:33:50,478 root DEBUG 954
2022-07-06 20:33:50,478 root DEBUG 956
2022-07-06 20:33:50,479 root DEBUG 958
2022-07-06 20:33:50,479 root DEBUG 960
2022-07-06 20:33:50,479 root DEBUG 962
2022-07-06 20:33:50,479 root DEBUG 964
2022-07-06 20:33:50,479 root DEBUG 966
2022-07-06 20:33:50,479 root DEBUG 968
2022-07-06 20:33:50,479 root DEBUG 970
2022-07-06 20:33:50,479 root DEBUG 972
2022-07-06 20:33:50,479 root DEBUG 974
2022-07-06 20:33:50,479 root DEBUG 976
2022-07-06 20:33:50,479 root DEBUG 978
2022-07-06 20:33:50,479 root DEBUG 980
2022-07-06 20:33:50,479 root DEBUG 982
2022-07-06 20:33:50,479 root DEBUG 984
2022-07-06 20:33:50,479 root DEBUG 986
2022-07-06 20:33:50,479 root DEBUG 988
2022-07-06 20:33:50,479 root DEBUG 990
2022-07-06 20:33:50,479 root DEBUG 992
2022-07-06 20:33:50,479 root DEBUG 994
2022-07-06 20:33:50,479 root DEBUG 996
2022-07-06 20:33:50,479 root DEBUG 998
2022-07-06 20:33:50,479 root DEBUG 1000
2022-07-06 20:33:50,479 root DEBUG 2
2022-07-06 20:33:50,479 root DEBUG 3
2022-07-06 20:33:50,480 root DEBUG 5
2022-07-06 20:33:50,480 root DEBUG 7
2022-07-06 20:33:50,480 root DEBUG 11
2022-07-06 20:33:50,480 root DEBUG 13
2022-07-06 20:33:50,480 root DEBUG 17
2022-07-06 20:33:50,480 root DEBUG 19
2022-07-06 20:33:50,480 root DEBUG 23
2022-07-06 20:33:50,480 root DEBUG 29
2022-07-06 20:33:50,480 root DEBUG 31
2022-07-06 20:33:50,480 root DEBUG 37
2022-07-06 20:33:50,480 root DEBUG 41
2022-07-06 20:33:50,480 root DEBUG 43
2022-07-06 20:33:50,480 root DEBUG 47
2022-07-06 20:33:50,480 root DEBUG 53
2022-07-06 20:33:50,480 root DEBUG 59
2022-07-06 20:33:50,480 root DEBUG 61
2022-07-06 20:33:50,480 root DEBUG 67
2022-07-06 20:33:50,480 root DEBUG 71
2022-07-06 20:33:50,480 root DEBUG 73
2022-07-06 20:33:50,480 root DEBUG 79
2022-07-06 20:33:50,480 root DEBUG 83
2022-07-06 20:33:50,480 root DEBUG 89
2022-07-06 20:33:50,481 root DEBUG 97
2022-07-06 20:33:50,481 root DEBUG 101
2022-07-06 20:33:50,481 root DEBUG 103
2022-07-06 20:33:50,481 root DEBUG 107
2022-07-06 20:33:50,481 root DEBUG 109
2022-07-06 20:33:50,481 root DEBUG 113
2022-07-06 20:33:50,481 root DEBUG 127
2022-07-06 20:33:50,481 root DEBUG 131
2022-07-06 20:33:50,481 root DEBUG 137
2022-07-06 20:33:50,481 root DEBUG 139
2022-07-06 20:33:50,481 root DEBUG 149
2022-07-06 20:33:50,481 root DEBUG 151
2022-07-06 20:33:50,481 root DEBUG 157
2022-07-06 20:33:50,481 root DEBUG 163
2022-07-06 20:33:50,481 root DEBUG 167
2022-07-06 20:33:50,481 root DEBUG 173
2022-07-06 20:33:50,481 root DEBUG 179
2022-07-06 20:33:50,481 root DEBUG 181
2022-07-06 20:33:50,481 root DEBUG 191
2022-07-06 20:33:50,482 root DEBUG 193
2022-07-06 20:33:50,482 root DEBUG 197
2022-07-06 20:33:50,482 root DEBUG 199
2022-07-06 20:33:50,482 root DEBUG 211
2022-07-06 20:33:50,482 root DEBUG 223
2022-07-06 20:33:50,482 root DEBUG 227
2022-07-06 20:33:50,482 root DEBUG 229
2022-07-06 20:33:50,482 root DEBUG 233
2022-07-06 20:33:50,482 root DEBUG 239
2022-07-06 20:33:50,482 root DEBUG 241
2022-07-06 20:33:50,482 root DEBUG 251
2022-07-06 20:33:50,482 root DEBUG 257
2022-07-06 20:33:50,482 root DEBUG 263
2022-07-06 20:33:50,482 root DEBUG 269
2022-07-06 20:33:50,482 root DEBUG 271
2022-07-06 20:33:50,482 root DEBUG 277
2022-07-06 20:33:50,482 root DEBUG 281
2022-07-06 20:33:50,483 root DEBUG 283
2022-07-06 20:33:50,483 root DEBUG 293
2022-07-06 20:33:50,483 root DEBUG 307
2022-07-06 20:33:50,483 root DEBUG 311
2022-07-06 20:33:50,483 root DEBUG 313
2022-07-06 20:33:50,483 root DEBUG 317
2022-07-06 20:33:50,483 root DEBUG 331
2022-07-06 20:33:50,483 root DEBUG 337
2022-07-06 20:33:50,483 root DEBUG 347
2022-07-06 20:33:50,483 root DEBUG 349
2022-07-06 20:33:50,483 root DEBUG 353
2022-07-06 20:33:50,483 root DEBUG 359
2022-07-06 20:33:50,483 root DEBUG 367
2022-07-06 20:33:50,483 root DEBUG 373
2022-07-06 20:33:50,483 root DEBUG 379
2022-07-06 20:33:50,484 root DEBUG 383
2022-07-06 20:33:50,484 root DEBUG 389
2022-07-06 20:33:50,484 root DEBUG 397
2022-07-06 20:33:50,484 root DEBUG 401
2022-07-06 20:33:50,484 root DEBUG 409
2022-07-06 20:33:50,484 root DEBUG 419
2022-07-06 20:33:50,484 root DEBUG 421
2022-07-06 20:33:50,484 root DEBUG 431
2022-07-06 20:33:50,484 root DEBUG 433
2022-07-06 20:33:50,484 root DEBUG 439
2022-07-06 20:33:50,484 root DEBUG 443
2022-07-06 20:33:50,484 root DEBUG 449
2022-07-06 20:33:50,484 root DEBUG 457
2022-07-06 20:33:50,485 root DEBUG 461
2022-07-06 20:33:50,485 root DEBUG 463
2022-07-06 20:33:50,485 root DEBUG 467
2022-07-06 20:33:50,485 root DEBUG 479
2022-07-06 20:33:50,485 root DEBUG 487
2022-07-06 20:33:50,485 root DEBUG 491
2022-07-06 20:33:50,485 root DEBUG 499
2022-07-06 20:33:50,485 root DEBUG 503
2022-07-06 20:33:50,485 root DEBUG 509
2022-07-06 20:33:50,485 root DEBUG 521
2022-07-06 20:33:50,485 root DEBUG 523
2022-07-06 20:33:50,485 root DEBUG 541
2022-07-06 20:33:50,485 root DEBUG 547
2022-07-06 20:33:50,486 root DEBUG 557
2022-07-06 20:33:50,486 root DEBUG 563
2022-07-06 20:33:50,486 root DEBUG 569
2022-07-06 20:33:50,486 root DEBUG 571
2022-07-06 20:33:50,486 root DEBUG 577
2022-07-06 20:33:50,486 root DEBUG 587
2022-07-06 20:33:50,486 root DEBUG 593
2022-07-06 20:33:50,486 root DEBUG 599
2022-07-06 20:33:50,486 root DEBUG 601
2022-07-06 20:33:50,486 root DEBUG 607
2022-07-06 20:33:50,486 root DEBUG 613
2022-07-06 20:33:50,487 root DEBUG 617
2022-07-06 20:33:50,487 root DEBUG 619
2022-07-06 20:33:50,487 root DEBUG 631
2022-07-06 20:33:50,487 root DEBUG 641
2022-07-06 20:33:50,487 root DEBUG 643
2022-07-06 20:33:50,487 root DEBUG 647
2022-07-06 20:33:50,487 root DEBUG 653
2022-07-06 20:33:50,487 root DEBUG 659
2022-07-06 20:33:50,487 root DEBUG 661
2022-07-06 20:33:50,488 root DEBUG 673
2022-07-06 20:33:50,488 root DEBUG 677
2022-07-06 20:33:50,488 root DEBUG 683
2022-07-06 20:33:50,488 root DEBUG 691
2022-07-06 20:33:50,488 root DEBUG 701
2022-07-06 20:33:50,488 root DEBUG 709
2022-07-06 20:33:50,488 root DEBUG 719
2022-07-06 20:33:50,488 root DEBUG 727
2022-07-06 20:33:50,488 root DEBUG 733
2022-07-06 20:33:50,488 root DEBUG 739
2022-07-06 20:33:50,489 root DEBUG 743
2022-07-06 20:33:50,489 root DEBUG 751
2022-07-06 20:33:50,489 root DEBUG 757
2022-07-06 20:33:50,489 root DEBUG 761
2022-07-06 20:33:50,489 root DEBUG 769
2022-07-06 20:33:50,489 root DEBUG 773
2022-07-06 20:33:50,489 root DEBUG 787
2022-07-06 20:33:50,489 root DEBUG 797
2022-07-06 20:33:50,489 root DEBUG 809
2022-07-06 20:33:50,489 root DEBUG 811
2022-07-06 20:33:50,490 root DEBUG 821
2022-07-06 20:33:50,490 root DEBUG 823
2022-07-06 20:33:50,490 root DEBUG 827
2022-07-06 20:33:50,490 root DEBUG 829
2022-07-06 20:33:50,490 root DEBUG 839
2022-07-06 20:33:50,490 root DEBUG 853
2022-07-06 20:33:50,490 root DEBUG 857
2022-07-06 20:33:50,490 root DEBUG 859
2022-07-06 20:33:50,490 root DEBUG 863
2022-07-06 20:33:50,490 root DEBUG 877
2022-07-06 20:33:50,491 root DEBUG 881
2022-07-06 20:33:50,491 root DEBUG 883
2022-07-06 20:33:50,491 root DEBUG 887
2022-07-06 20:33:50,491 root DEBUG 907
2022-07-06 20:33:50,491 root DEBUG 911
2022-07-06 20:33:50,491 root DEBUG 919
2022-07-06 20:33:50,491 root DEBUG 929
2022-07-06 20:33:50,491 root DEBUG 937
2022-07-06 20:33:50,492 root DEBUG 941
2022-07-06 20:33:50,492 root DEBUG 947
2022-07-06 20:33:50,492 root DEBUG 953
2022-07-06 20:33:50,492 root DEBUG 967
2022-07-06 20:33:50,492 root DEBUG 971
2022-07-06 20:33:50,492 root DEBUG 977
2022-07-06 20:33:50,492 root DEBUG 983
2022-07-06 20:33:50,492 root DEBUG 991
2022-07-06 20:33:50,493 root DEBUG 997
2022-07-06 20:33:50,493 root DEBUG [2, 3, 4, 2, 3, 4, 10]
